<?xml version="1.0" encoding="UTF-8"?>
<!-- Generated by org.testng.reporters.JUnitReportReporter -->
<testsuite hostname="ALIDARK" name="test.MigrosTest" tests="1" failures="0" timestamp="28 Apr 2019 20:53:36 GMT" time="7.155" errors="0">
  <testcase name="openMainPage" time="7.155" classname="test.MigrosTest"/>
</testsuite> <!-- test.MigrosTest -->
